<?xml version="1.0" encoding="UTF-8"?>
<!-- Generated by org.testng.reporters.JUnitXMLReporter -->
<testsuite hostname="LAPTOP-7579KA1M" ignored="0" name="SelectItemAndAddToCart" tests="1" failures="1" timestamp="12 Mar 2019 03:51:53 GMT" time="41.348" errors="0">
  <testcase name="addItemInCart" time="0.7" classname="testClasses.OnLineShoping">
    <failure type="org.openqa.selenium.InvalidSelectorException" message="Given css selector expression &amp;quot;*[name=&amp;apos;//ul[@class=&amp;apos;nav-menu&amp;apos;]/li/a[contains(text(),&amp;apos;Cookware&amp;apos;]/div/div/ul/li[contains(text(),&amp;apos;Tea&amp;apos;)]&amp;apos;]&amp;quot; is invalid: InvalidSelectorError: &amp;apos;*[name=&amp;apos;//ul[@class=&amp;apos;nav-menu&amp;apos;]/li/a[contains(text(),&amp;apos;Cookware&amp;apos;]/div/div/ul/li[contains(text(),&amp;apos;Tea&amp;apos;)]&amp;apos;]&amp;apos; is not a valid selector: &amp;quot;*[name=&amp;apos;//ul[@class=&amp;apos;nav-menu&amp;apos;]/li/a[contains(text(),&amp;apos;Cookware&amp;apos;]/div/div/ul/li[contains(text(),&amp;apos;Tea&amp;apos;)]&amp;apos;]&amp;quot;
For documentation on this error, please visit: http://seleniumhq.org/exceptions/invalid_selector_exception.html
Build info: version: &amp;apos;3.9.1&amp;apos;, revision: &amp;apos;63f7b50&amp;apos;, time: &amp;apos;2018-02-07T22:25:02.294Z&amp;apos;
System info: host: &amp;apos;LAPTOP-7579KA1M&amp;apos;, ip: &amp;apos;192.168.0.4&amp;apos;, os.name: &amp;apos;Windows 10&amp;apos;, os.arch: &amp;apos;amd64&amp;apos;, os.version: &amp;apos;10.0&amp;apos;, java.version: &amp;apos;1.8.0_144&amp;apos;
Driver info: org.openqa.selenium.firefox.FirefoxDriver
Capabilities {acceptInsecureCerts: true, browserName: firefox, browserVersion: 53.0.3, javascriptEnabled: true, moz:accessibilityChecks: false, moz:processID: 16476, moz:profile: C:\Users\HEMANT~1\AppData\L..., pageLoadStrategy: normal, platform: XP, platformName: XP, platformVersion: 10.0, rotatable: false, specificationLevel: 0, timeouts: {implicit: 0, pageLoad: 300000, script: 30000}}
Session ID: 93115843-0eef-4fc7-b0aa-a99d4d0ed7ca
*** Element info: {Using=name, value=//ul[@class=&amp;apos;nav-menu&amp;apos;]/li/a[contains(text(),&amp;apos;Cookware&amp;apos;]/div/div/ul/li[contains(text(),&amp;apos;Tea&amp;apos;)]}">
      <![CDATA[org.openqa.selenium.InvalidSelectorException: Given css selector expression "*[name='//ul[@class='nav-menu']/li/a[contains(text(),'Cookware']/div/div/ul/li[contains(text(),'Tea')]']" is invalid: InvalidSelectorError: '*[name='//ul[@class='nav-menu']/li/a[contains(text(),'Cookware']/div/div/ul/li[contains(text(),'Tea')]']' is not a valid selector: "*[name='//ul[@class='nav-menu']/li/a[contains(text(),'Cookware']/div/div/ul/li[contains(text(),'Tea')]']"
For documentation on this error, please visit: http://seleniumhq.org/exceptions/invalid_selector_exception.html
Build info: version: '3.9.1', revision: '63f7b50', time: '2018-02-07T22:25:02.294Z'
System info: host: 'LAPTOP-7579KA1M', ip: '192.168.0.4', os.name: 'Windows 10', os.arch: 'amd64', os.version: '10.0', java.version: '1.8.0_144'
Driver info: org.openqa.selenium.firefox.FirefoxDriver
Capabilities {acceptInsecureCerts: true, browserName: firefox, browserVersion: 53.0.3, javascriptEnabled: true, moz:accessibilityChecks: false, moz:processID: 16476, moz:profile: C:\Users\HEMANT~1\AppData\L..., pageLoadStrategy: normal, platform: XP, platformName: XP, platformVersion: 10.0, rotatable: false, specificationLevel: 0, timeouts: {implicit: 0, pageLoad: 300000, script: 30000}}
Session ID: 93115843-0eef-4fc7-b0aa-a99d4d0ed7ca
*** Element info: {Using=name, value=//ul[@class='nav-menu']/li/a[contains(text(),'Cookware']/div/div/ul/li[contains(text(),'Tea')]}
	at org.openqa.selenium.remote.http.W3CHttpResponseCodec.createException(W3CHttpResponseCodec.java:187)
	at org.openqa.selenium.remote.http.W3CHttpResponseCodec.decode(W3CHttpResponseCodec.java:122)
	at org.openqa.selenium.remote.http.W3CHttpResponseCodec.decode(W3CHttpResponseCodec.java:49)
	at org.openqa.selenium.remote.HttpCommandExecutor.execute(HttpCommandExecutor.java:160)
	at org.openqa.selenium.remote.service.DriverCommandExecutor.execute(DriverCommandExecutor.java:83)
	at org.openqa.selenium.remote.RemoteWebDriver.execute(RemoteWebDriver.java:601)
	at org.openqa.selenium.remote.RemoteWebDriver.findElement(RemoteWebDriver.java:371)
	at org.openqa.selenium.remote.RemoteWebDriver.findElementByName(RemoteWebDriver.java:449)
	at org.openqa.selenium.By$ByName.findElement(By.java:303)
	at org.openqa.selenium.remote.RemoteWebDriver.findElement(RemoteWebDriver.java:363)
	at org.openqa.selenium.support.pagefactory.DefaultElementLocator.findElement(DefaultElementLocator.java:69)
	at org.openqa.selenium.support.pagefactory.internal.LocatingElementHandler.invoke(LocatingElementHandler.java:38)
	at com.sun.proxy.$Proxy9.click(Unknown Source)
	at pageObjectRepository.HomePageWilliamsSomona.SelectItemFromMenu(HomePageWilliamsSomona.java:37)
	at testClasses.OnLineShoping.addItemInCart(OnLineShoping.java:33)
... Removed 29 stack frames]]>
    </failure>
  </testcase> <!-- addItemInCart -->
</testsuite> <!-- SelectItemAndAddToCart -->
